Info:	18:15:20.515	Loading Mascot Peptides
Info:	18:15:20.687	Loading Peptide Quantification
Info:	18:15:40.687	Loading Peak Shapes
Info:	18:21:06.468	Loading completed
Info:	18:23:32.687	Report generation started...
Info:	18:23:32.718	Intensity alignment - horisontal 0 versus 4
Info:	18:23:33.062	Intensity alignment - horisontal 1 versus 4
Info:	18:23:33.109	Intensity alignment - horisontal 2 versus 4
Info:	18:23:33.156	Intensity alignment - horisontal 3 versus 4
Info:	18:23:33.218	Intensity alignment - horisontal 4 versus 4
Info:	18:23:33.265	Intensity alignment - horisontal 5 versus 4
Info:	18:23:33.328	Intensity alignment - horisontal 6 versus 4
Info:	18:23:33.359	Intensity alignment - horisontal 7 versus 4
Info:	18:23:33.406	Intensity alignment - horisontal 8 versus 4
Info:	18:23:33.453	Intensity alignment - horisontal 9 versus 4
Info:	18:23:33.515	Intensity alignment - horisontal 10 versus 4
Info:	18:23:33.546	Intensity alignment - horisontal 11 versus 4
Info:	18:23:33.609	Intensity alignment - horisontal 12 versus 4
Info:	18:23:33.656	Intensity alignment - horisontal 13 versus 4
Info:	18:23:33.703	Intensity alignment - horisontal 14 versus 4
Info:	18:23:33.750	Intensity alignment - horisontal 15 versus 4
Info:	18:23:33.812	Intensity alignment - horisontal 16 versus 4
Info:	18:23:33.859	Intensity alignment - horisontal 17 versus 4
Info:	18:23:33.906	Intensity alignment - horisontal 18 versus 4
Info:	18:23:33.968	Intensity alignment - horisontal 19 versus 4
Info:	18:23:34.015	Intensity alignment - horisontal 20 versus 4
Info:	18:23:34.062	Intensity alignment - horisontal 21 versus 4
Info:	18:23:34.109	Intensity alignment - horisontal 22 versus 4
Info:	18:23:34.156	Intensity alignment - horisontal 23 versus 4
Info:	18:23:34.203	Intensity alignment - horisontal 24 versus 4
Info:	18:23:34.250	Intensity alignment - horisontal 25 versus 4
Info:	18:23:34.296	Intensity alignment - horisontal 26 versus 4
Info:	18:23:34.343	Intensity alignment - horisontal 27 versus 4
Info:	18:23:34.390	Intensity alignment - horisontal 28 versus 4
Info:	18:23:34.437	Intensity alignment - horisontal 29 versus 4
Info:	18:23:34.484	Intensity alignment - horisontal 30 versus 4
Info:	18:23:34.531	Intensity alignment - horisontal 31 versus 4
Info:	18:23:34.562	Intensity alignment - horisontal 32 versus 4
Info:	18:23:34.609	Intensity alignment - horisontal 33 versus 4
Info:	18:23:34.656	Intensity alignment - horisontal 34 versus 4
Info:	18:23:34.703	Intensity alignment - horisontal 35 versus 4
Info:	18:23:34.750	Intensity alignment - horisontal 36 versus 4
Info:	18:23:34.781	Intensity alignment - horisontal 37 versus 4
Info:	18:23:34.843	Intensity alignment - horisontal 38 versus 4
Info:	18:23:34.875	Intensity alignment - horisontal 39 versus 4
Info:	18:23:34.984	Intensity alignment - horisontal 40 versus 4
Info:	18:23:35.031	Intensity alignment - horisontal 41 versus 4
Info:	18:23:35.078	Intensity alignment - horisontal 42 versus 4
Info:	18:23:35.125	Intensity alignment - horisontal 43 versus 4
Info:	18:23:35.171	Intensity alignment - horisontal 44 versus 4
Info:	18:23:35.218	Intensity alignment - horisontal 45 versus 4
Info:	18:23:35.281	Intensity alignment - horisontal 46 versus 4
Info:	18:23:35.328	Intensity alignment - horisontal 47 versus 4
Info:	18:23:35.390	Intensity alignment - horisontal 48 versus 4
Info:	18:23:35.437	Intensity alignment - horisontal 49 versus 4
Info:	18:23:35.500	Intensity alignment - horisontal 50 versus 4
Info:	18:23:35.546	Intensity alignment - horisontal 51 versus 4
Info:	18:23:35.593	Intensity alignment - horisontal 52 versus 4
Info:	18:23:35.640	Intensity alignment - horisontal 53 versus 4
Info:	18:23:35.703	Intensity alignment - horisontal 54 versus 4
Info:	18:23:35.750	Intensity alignment - horisontal 55 versus 4
Info:	18:23:35.796	Intensity alignment - horisontal 56 versus 4
Info:	18:23:35.843	Intensity alignment - horisontal 57 versus 4
Info:	18:23:35.906	Intensity alignment - horisontal 58 versus 4
Info:	18:23:35.968	Intensity alignment - horisontal 59 versus 4
Info:	18:23:36.031	Intensity alignment - horisontal 60 versus 4
Info:	18:23:36.093	Intensity alignment - horisontal 61 versus 4
Info:	18:23:36.140	Intensity alignment - horisontal 62 versus 4
Info:	18:23:36.203	Intensity alignment - horisontal 63 versus 4
Info:	18:23:36.234	Intensity alignment - horisontal 64 versus 4
Info:	18:23:36.296	Intensity alignment - horisontal 65 versus 4
Info:	18:23:36.343	Intensity alignment - horisontal 66 versus 4
Info:	18:23:36.375	Intensity alignment - horisontal 67 versus 4
Info:	18:23:36.437	Intensity alignment - horisontal 68 versus 4
Info:	18:23:36.468	Intensity alignment - horisontal 69 versus 4
Info:	18:23:36.515	Intensity alignment - horisontal 70 versus 4
Info:	18:23:36.562	Intensity alignment - horisontal 71 versus 4
Info:	18:23:36.609	Intensity alignment - horisontal 72 versus 4
Info:	18:23:36.656	Intensity alignment - horisontal 73 versus 4
Info:	18:23:36.718	Intensity alignment - horisontal 74 versus 4
Info:	18:23:36.750	Intensity alignment - horisontal 75 versus 4
Info:	18:23:36.796	Intensity alignment - horisontal 76 versus 4
Info:	18:23:36.843	Intensity alignment - horisontal 77 versus 4
Info:	18:23:36.875	Intensity alignment - horisontal 78 versus 4
Info:	18:23:36.968	Intensity alignment - horisontal 79 versus 4
Info:	18:23:37.015	Intensity alignment - horisontal 80 versus 4
Info:	18:23:37.062	Intensity alignment - horisontal 81 versus 4
Info:	18:23:37.109	Intensity alignment - horisontal 82 versus 4
Info:	18:23:37.156	Intensity alignment - horisontal 83 versus 4
Info:	18:23:37.218	Intensity alignment - horisontal 84 versus 4
Info:	18:23:37.281	Intensity alignment - horisontal 85 versus 4
Info:	18:23:37.328	Intensity alignment - horisontal 86 versus 4
Info:	18:23:37.375	Intensity alignment - horisontal 87 versus 4
Info:	18:23:37.421	Intensity alignment - horisontal 88 versus 4
Info:	18:23:37.484	Intensity alignment - horisontal 89 versus 4
Info:	18:23:37.531	Intensity alignment - horisontal 90 versus 4
Info:	18:23:37.578	Intensity alignment - horisontal 91 versus 4
Info:	18:23:37.640	Intensity alignment - horisontal 92 versus 4
Info:	18:23:37.671	Intensity alignment - horisontal 93 versus 4
Info:	18:23:37.734	Intensity alignment - horisontal 94 versus 4
Info:	18:23:37.765	Intensity alignment - horisontal 95 versus 4
Info:	18:23:37.812	Intensity alignment - horisontal 96 versus 4
Info:	18:23:37.859	Intensity alignment - horisontal 97 versus 4
Info:	18:23:37.906	Intensity alignment - horisontal 98 versus 4
Info:	18:23:37.953	Intensity alignment - horisontal 99 versus 4
Info:	18:23:38.000	Intensity alignment - horisontal 100 versus 4
Info:	18:23:38.046	Intensity alignment - horisontal 101 versus 4
Info:	18:23:38.093	Intensity alignment - horisontal 102 versus 4
Info:	18:23:38.140	Intensity alignment - horisontal 103 versus 4
Info:	18:23:38.171	Intensity alignment - horisontal 104 versus 4
Info:	18:23:38.234	Intensity alignment - horisontal 105 versus 4
Info:	18:23:38.296	Intensity alignment - horisontal 106 versus 4
Info:	18:23:38.343	Intensity alignment - horisontal 107 versus 4
Info:	18:23:38.390	Intensity alignment - horisontal 108 versus 4
Info:	18:23:38.453	Intensity alignment - horisontal 109 versus 4
Info:	18:23:38.500	Intensity alignment - horisontal 110 versus 4
Info:	18:23:38.546	Intensity alignment - horisontal 111 versus 4
Info:	18:23:38.593	Intensity alignment - horisontal 112 versus 4
Info:	18:23:38.656	Intensity alignment - horisontal 113 versus 4
Info:	18:23:38.703	Intensity alignment - horisontal 114 versus 4
Info:	18:23:38.750	Intensity alignment - horisontal 115 versus 4
Info:	18:23:38.796	Intensity alignment - horisontal 116 versus 4
Info:	18:23:38.843	Intensity alignment - horisontal 117 versus 4
Info:	18:23:38.890	Intensity alignment - horisontal 118 versus 4
Info:	18:23:38.968	Intensity alignment - horisontal 119 versus 4
Info:	18:23:39.015	Intensity alignment - horisontal 120 versus 4
Info:	18:23:39.062	Intensity alignment - horisontal 121 versus 4
Info:	18:23:39.109	Intensity alignment - horisontal 122 versus 4
Info:	18:23:39.156	Intensity alignment - horisontal 123 versus 4
Info:	18:23:39.203	Intensity alignment - horisontal 124 versus 4
Info:	18:23:39.234	Intensity alignment - horisontal 125 versus 4
Info:	18:23:39.296	Intensity alignment - horisontal 126 versus 4
Info:	18:23:39.343	Intensity alignment - horisontal 127 versus 4
Info:	18:23:39.390	Intensity alignment - horisontal 128 versus 4
Info:	18:23:39.437	Intensity alignment - horisontal 129 versus 4
Info:	18:23:39.484	Intensity alignment - horisontal 130 versus 4
Info:	18:23:39.531	Intensity alignment - horisontal 131 versus 4
Info:	18:23:39.593	Intensity alignment - horisontal 132 versus 4
Info:	18:23:39.640	Intensity alignment - horisontal 133 versus 4
Info:	18:23:39.687	Intensity alignment - horisontal 134 versus 4
Info:	18:23:39.734	Intensity alignment - horisontal 135 versus 4
Info:	18:23:39.781	Intensity alignment - horisontal 136 versus 4
Info:	18:23:39.828	Intensity alignment - horisontal 137 versus 4
Info:	18:23:39.875	Intensity alignment - horisontal 138 versus 4
Info:	18:23:39.968	Intensity alignment - horisontal 139 versus 4
Info:	18:23:40.015	Intensity alignment - horisontal 140 versus 4
Info:	18:23:40.062	Intensity alignment - horisontal 141 versus 4
Info:	18:23:40.109	Intensity alignment - horisontal 142 versus 4
Info:	18:23:40.156	Intensity alignment - horisontal 143 versus 4
Info:	18:23:40.187	Intensity alignment - horisontal 144 versus 4
Info:	18:23:40.250	Intensity alignment - horisontal 145 versus 4
Info:	18:23:40.296	Intensity alignment - horisontal 146 versus 4
Info:	18:23:40.343	Intensity alignment - horisontal 147 versus 4
Info:	18:23:40.375	Intensity alignment - horisontal 148 versus 4
Info:	18:23:40.437	Intensity alignment - horisontal 149 versus 4
Info:	18:23:40.484	Intensity alignment - horisontal 150 versus 4
Info:	18:23:40.531	Intensity alignment - horisontal 151 versus 4
Info:	18:23:40.578	Intensity alignment - horisontal 152 versus 4
Info:	18:23:40.625	Intensity alignment - horisontal 153 versus 4
Info:	18:23:40.671	Intensity alignment - horisontal 154 versus 4
Info:	18:23:40.734	Intensity alignment - horisontal 155 versus 4
Info:	18:23:40.781	Intensity alignment - horisontal 156 versus 4
Info:	18:23:40.828	Intensity alignment - horisontal 157 versus 4
Info:	18:23:40.875	Intensity alignment - horisontal 158 versus 4
Info:	18:23:40.968	Intensity alignment - horisontal 159 versus 4
Info:	18:23:41.015	Intensity alignment - horisontal 160 versus 4
Info:	18:23:41.078	Intensity alignment - horisontal 161 versus 4
Info:	18:23:41.125	Intensity alignment - horisontal 162 versus 4
Info:	18:23:41.171	Intensity alignment - horisontal 163 versus 4
Info:	18:23:41.218	Intensity alignment - horisontal 164 versus 4
Info:	18:23:41.265	Intensity alignment - horisontal 165 versus 4
Info:	18:23:41.312	Intensity alignment - horisontal 166 versus 4
Info:	18:23:41.359	Intensity alignment - horisontal 167 versus 4
Info:	18:23:41.406	Intensity alignment - horisontal 168 versus 4
Info:	18:23:41.453	Intensity alignment - horisontal 169 versus 4
Info:	18:23:41.500	Intensity alignment - horisontal 170 versus 4
Info:	18:23:41.546	Intensity alignment - horisontal 171 versus 4
Info:	18:23:41.593	Intensity alignment - horisontal 172 versus 4
Info:	18:23:41.640	Intensity alignment - horisontal 173 versus 4
Info:	18:23:41.687	Intensity alignment - horisontal 174 versus 4
Info:	18:23:41.750	Intensity alignment - horisontal 175 versus 4
Info:	18:23:41.796	Intensity alignment - horisontal 176 versus 4
Info:	18:23:41.843	Intensity alignment - horisontal 177 versus 4
Info:	18:23:41.890	Intensity alignment - horisontal 178 versus 4
Info:	18:23:41.984	Intensity alignment - horisontal 179 versus 4
Info:	18:23:42.015	Intensity alignment - horisontal 180 versus 4
Info:	18:23:42.062	Intensity alignment - horisontal 181 versus 4
Info:	18:23:42.109	Intensity alignment - horisontal 182 versus 4
Info:	18:23:42.156	Intensity alignment - horisontal 183 versus 4
Info:	18:23:42.203	Intensity alignment - horisontal 184 versus 4
Info:	18:23:42.250	Intensity alignment - horisontal 185 versus 4
Info:	18:23:42.296	Intensity alignment - horisontal 186 versus 4
Info:	18:23:42.343	Intensity alignment - horisontal 187 versus 4
Info:	18:23:42.390	Intensity alignment - horisontal 188 versus 4
Info:	18:23:42.437	Intensity alignment - horisontal 189 versus 4
Info:	18:23:42.484	Intensity alignment - horisontal 190 versus 4
Info:	18:23:42.531	Intensity alignment - horisontal 191 versus 4
Info:	18:23:42.578	Intensity alignment - horisontal 192 versus 4
Info:	18:23:42.640	Intensity alignment - horisontal 193 versus 4
Info:	18:23:42.687	Intensity alignment - horisontal 194 versus 4
Info:	18:23:42.734	Intensity alignment - horisontal 195 versus 4
Info:	18:23:42.781	Intensity alignment - horisontal 196 versus 4
Info:	18:23:43.109	Reporting session completed.
